start: Thu Jun 24 12:52:46 PDT 2021
BEGIN
CREATE FUNCTION
CREATE FUNCTION
psql:/nfs/home/xyz/btingle/bin/2dload.testing/utils-2d/./../psql/tin_postgres_patch.pgsql:41: INFO:  [2021-06-24 13:26:41.850297-07]: cloning table schema
logg
0
psql:/nfs/home/xyz/btingle/bin/2dload.testing/utils-2d/./../psql/tin_postgres_patch.pgsql:43: NOTICE:  table "substance_t" does not exist, skipping
DROP TABLE
CREATE TABLE
psql:/nfs/home/xyz/btingle/bin/2dload.testing/utils-2d/./../psql/tin_postgres_patch.pgsql:48: NOTICE:  table "catalog_content_t" does not exist, skipping
DROP TABLE
CREATE TABLE
psql:/nfs/home/xyz/btingle/bin/2dload.testing/utils-2d/./../psql/tin_postgres_patch.pgsql:53: NOTICE:  table "catalog_substance_t" does not exist, skipping
DROP TABLE
CREATE TABLE
ALTER TABLE
ALTER TABLE
ALTER TABLE
ALTER TABLE
ALTER TABLE
ALTER TABLE
ALTER TABLE
ALTER TABLE
invalidate_index
0
invalidate_index
0
ALTER TABLE
ALTER TABLE
ALTER TABLE
psql:/nfs/home/xyz/btingle/bin/2dload.testing/utils-2d/./../psql/tin_postgres_patch.pgsql:105: INFO:  [2021-06-24 13:26:45.700737-07]: copying substance data to clone table...
logg
0
INSERT 0 313370366
psql:/nfs/home/xyz/btingle/bin/2dload.testing/utils-2d/./../psql/tin_postgres_patch.pgsql:114: INFO:  [2021-06-24 19:48:43.615085-07]: copying catalog_content data to clone table...
logg
0
INSERT 0 200224796
psql:/nfs/home/xyz/btingle/bin/2dload.testing/utils-2d/./../psql/tin_postgres_patch.pgsql:123: INFO:  [2021-06-24 20:52:06.599141-07]: copying catalog_substance data to clone table
logg
0
INSERT 0 400051996
psql:/nfs/home/xyz/btingle/bin/2dload.testing/utils-2d/./../psql/tin_postgres_patch.pgsql:138: NOTICE:  sequence "sub_id_seq" does not exist, skipping
DROP SEQUENCE
CREATE SEQUENCE
psql:/nfs/home/xyz/btingle/bin/2dload.testing/utils-2d/./../psql/tin_postgres_patch.pgsql:143: NOTICE:  sequence "cat_content_id_seq" does not exist, skipping
DROP SEQUENCE
CREATE SEQUENCE
psql:/nfs/home/xyz/btingle/bin/2dload.testing/utils-2d/./../psql/tin_postgres_patch.pgsql:148: NOTICE:  sequence "cat_sub_itm_id_seq" does not exist, skipping
DROP SEQUENCE
CREATE SEQUENCE
psql:/nfs/home/xyz/btingle/bin/2dload.testing/utils-2d/./../psql/tin_postgres_patch.pgsql:154: NOTICE:  table "tranches" does not exist, skipping
DROP TABLE
CREATE TABLE
COPY 9
CREATE TABLE
CREATE TABLE
CREATE TABLE
COPY 313370366
psql:/nfs/home/xyz/btingle/bin/2dload.testing/utils-2d/./../psql/tin_postgres_patch.pgsql:185: INFO:  [2021-06-24 22:32:22.939989-07]: loaded sub data
logg
0
COPY 200224796
psql:/nfs/home/xyz/btingle/bin/2dload.testing/utils-2d/./../psql/tin_postgres_patch.pgsql:192: INFO:  [2021-06-24 22:39:17.185615-07]: loaded cat content data
logg
0
COPY 410838506
ALTER TABLE
ALTER TABLE
ALTER TABLE
psql:/nfs/home/xyz/btingle/bin/2dload.testing/utils-2d/./../psql/tin_postgres_patch.pgsql:211: INFO:  [2021-06-24 22:54:08.863254-07]: starting update on substance table
logg
0
UPDATE 313370366
psql:/nfs/home/xyz/btingle/bin/2dload.testing/utils-2d/./../psql/tin_postgres_patch.pgsql:223: INFO:  [2021-06-25 20:06:35.169437-07]: finished update on substance table
logg
0
psql:/nfs/home/xyz/btingle/bin/2dload.testing/utils-2d/./../psql/tin_postgres_patch.pgsql:226: INFO:  [2021-06-25 20:06:35.172386-07]: starting update on cat content table
logg
0
UPDATE 200224796
psql:/nfs/home/xyz/btingle/bin/2dload.testing/utils-2d/./../psql/tin_postgres_patch.pgsql:238: INFO:  [2021-06-25 22:29:16.659635-07]: finished update on cat content table
logg
0
UPDATE 400051996
psql:/nfs/home/xyz/btingle/bin/2dload.testing/utils-2d/./../psql/tin_postgres_patch.pgsql:250: INFO:  [2021-06-26 01:58:38.586052-07]: finished update on cat substance table
logg
0
CREATE TABLE
CREATE TABLE
CREATE TABLE
INSERT 0 3
INSERT 0 2
INSERT 0 3
psql:/nfs/home/xyz/btingle/bin/2dload.testing/utils-2d/./../psql/tin_postgres_patch.pgsql:326: INFO:  [2021-06-26 01:58:39.468754-07]: building primary key indexes...
logg
0
REINDEX
REINDEX
psql:/nfs/home/xyz/btingle/bin/2dload.testing/utils-2d/./../psql/tin_postgres_patch.pgsql:351: INFO:  [2021-06-26 05:54:24.514801-07]: finished building index: catalog_content_supplier_code_idx
psql:/nfs/home/xyz/btingle/bin/2dload.testing/utils-2d/./../psql/tin_postgres_patch.pgsql:351: INFO:  [2021-06-26 06:20:28.655293-07]: finished building index: catalog_substance_sub_id_fk_idx
psql:/nfs/home/xyz/btingle/bin/2dload.testing/utils-2d/./../psql/tin_postgres_patch.pgsql:351: INFO:  [2021-06-26 06:47:42.454304-07]: finished building index: catalog_substance_cat_id_fk_idx
DO
ALTER TABLE
ALTER TABLE
ALTER TABLE
ALTER TABLE
ALTER TABLE
ALTER TABLE
ALTER TABLE
ALTER TABLE
ALTER TABLE
psql:/nfs/home/xyz/btingle/bin/2dload.testing/utils-2d/./../psql/tin_postgres_patch.pgsql:374: INFO:  [2021-06-26 06:47:42.510572-07]: tables swapped out!
logg
0
psql:/nfs/home/xyz/btingle/bin/2dload.testing/utils-2d/./../psql/tin_postgres_patch.pgsql:376: NOTICE:  drop cascades to constraint catalog_substances_sub_id_fk_fkey on table catalog_substance_trash
DROP TABLE
psql:/nfs/home/xyz/btingle/bin/2dload.testing/utils-2d/./../psql/tin_postgres_patch.pgsql:378: NOTICE:  drop cascades to constraint catalog_substances_cat_itm_fk_fkey on table catalog_substance_trash
DROP TABLE
DROP TABLE
psql:/nfs/home/xyz/btingle/bin/2dload.testing/utils-2d/./../psql/tin_postgres_patch.pgsql:383: INFO:  [2021-06-26 06:47:42.930197-07]: old tables disposed!
logg
0
psql:/nfs/home/xyz/btingle/bin/2dload.testing/utils-2d/./../psql/tin_postgres_patch.pgsql:418: INFO:  [2021-06-26 06:47:42.970298-07]: finished renaming constraints & indexes!
DO
psql:/nfs/home/xyz/btingle/bin/2dload.testing/utils-2d/./../psql/tin_postgres_patch.pgsql:421: INFO:  [2021-06-26 06:47:42.970649-07]: cleaning up...
logg
0
psql:/nfs/home/xyz/btingle/bin/2dload.testing/utils-2d/./../psql/tin_postgres_patch.pgsql:424: INFO:  [2021-06-26 06:47:42.970863-07]: done with everything!
logg
0
COMMIT
VACUUM
ANALYZE
BEGIN
CREATE TABLE
COPY 449606137
UPDATE 1809228
UPDATE 449526785
CREATE TABLE
psql:/nfs/home/xyz/btingle/bin/2dload.testing/utils-2d/./../psql/tin_catsub_patch.pgsql:50: ERROR:  could not extend file "base/16384/t3_53165.18": No space left on device
HINT:  Check free disk space.
psql:/nfs/home/xyz/btingle/bin/2dload.testing/utils-2d/./../psql/tin_catsub_patch.pgsql:52: ERROR:  current transaction is aborted, commands ignored until end of transaction block
psql:/nfs/home/xyz/btingle/bin/2dload.testing/utils-2d/./../psql/tin_catsub_patch.pgsql:56: ERROR:  current transaction is aborted, commands ignored until end of transaction block
psql:/nfs/home/xyz/btingle/bin/2dload.testing/utils-2d/./../psql/tin_catsub_patch.pgsql:59: ERROR:  current transaction is aborted, commands ignored until end of transaction block
psql:/nfs/home/xyz/btingle/bin/2dload.testing/utils-2d/./../psql/tin_catsub_patch.pgsql:62: ERROR:  current transaction is aborted, commands ignored until end of transaction block
psql:/nfs/home/xyz/btingle/bin/2dload.testing/utils-2d/./../psql/tin_catsub_patch.pgsql:64: ERROR:  current transaction is aborted, commands ignored until end of transaction block
psql:/nfs/home/xyz/btingle/bin/2dload.testing/utils-2d/./../psql/tin_catsub_patch.pgsql:70: ERROR:  current transaction is aborted, commands ignored until end of transaction block
psql:/nfs/home/xyz/btingle/bin/2dload.testing/utils-2d/./../psql/tin_catsub_patch.pgsql:84: ERROR:  current transaction is aborted, commands ignored until end of transaction block
psql:/nfs/home/xyz/btingle/bin/2dload.testing/utils-2d/./../psql/tin_catsub_patch.pgsql:86: ERROR:  current transaction is aborted, commands ignored until end of transaction block
psql:/nfs/home/xyz/btingle/bin/2dload.testing/utils-2d/./../psql/tin_catsub_patch.pgsql:88: ERROR:  current transaction is aborted, commands ignored until end of transaction block
psql:/nfs/home/xyz/btingle/bin/2dload.testing/utils-2d/./../psql/tin_catsub_patch.pgsql:90: ERROR:  current transaction is aborted, commands ignored until end of transaction block
psql:/nfs/home/xyz/btingle/bin/2dload.testing/utils-2d/./../psql/tin_catsub_patch.pgsql:92: ERROR:  current transaction is aborted, commands ignored until end of transaction block
psql:/nfs/home/xyz/btingle/bin/2dload.testing/utils-2d/./../psql/tin_catsub_patch.pgsql:94: ERROR:  current transaction is aborted, commands ignored until end of transaction block
psql:/nfs/home/xyz/btingle/bin/2dload.testing/utils-2d/./../psql/tin_catsub_patch.pgsql:96: ERROR:  current transaction is aborted, commands ignored until end of transaction block
psql:/nfs/home/xyz/btingle/bin/2dload.testing/utils-2d/./../psql/tin_catsub_patch.pgsql:98: ERROR:  syntax error at or near "RENAME"
LINE 1: ...ER CONSTRAINT catalog_substance_cat_itm_fk_fkey_t RENAME TO ...
                                                             ^
psql:/nfs/home/xyz/btingle/bin/2dload.testing/utils-2d/./../psql/tin_catsub_patch.pgsql:100: ERROR:  syntax error at or near "RENAME"
LINE 1: ...TER CONSTRAINT catalog_substance_sub_id_fk_fkey_t RENAME TO ...
                                                             ^
psql:/nfs/home/xyz/btingle/bin/2dload.testing/utils-2d/./../psql/tin_catsub_patch.pgsql:102: ERROR:  current transaction is aborted, commands ignored until end of transaction block
ROLLBACK
5434
this database hasn't received the postgres patch, patching now
5434 /local2/load/H24P110_H24P190
.len_catalog
.len_substance
.len_supplier
.stage
.tmp
H24P110
H24P120
H24P130
H24P140
H24P150
H24P160
H24P170
H24P180
H24P190
{'tranche_sub_id_f': '/local2/load/H24P110_H24P190/sub_id_tranche_id', 'tranche_cc_id_f': '/local2/load/H24P110_H24P190/cc_id_tranche_id', 'tranche_cs_id_f': '/local2/load/H24P110_H24P190/cs_id_tranche_id', 'tranche_info_f': '/local2/load/H24P110_H24P190/tranche_info', 'sub_tot': 313370366, 'sup_tot': 200224796, 'cat_tot': 410838506}
this database hasn't received the catsub patch, patching now
H24P110
H24P120
H24P130
H24P140
H24P150
H24P160
H24P170
H24P180
H24P190
Traceback (most recent call last):
  File "/nfs/home/xyz/btingle/bin/2dload.testing/utils-2d/./../2dload_new.py", line 140, in <module>
    chosen_mode = sys.argv[2]
IndexError: list index out of range
end: Tue Jun 29 08:02:26 PDT 2021
